proguard/seeds.txt
com.pataelmo.isycontroller.MainActivity
com.pataelmo.isycontroller.MainActivity: MainActivity()
com.pataelmo.isycontroller.NodeViewActivity
com.pataelmo.isycontroller.NodeViewActivity: NodeViewActivity()
com.pataelmo.isycontroller.NodeViewActivity: void queryNode(android.view.View)
com.pataelmo.isycontroller.NodeViewActivity: void cmdNodeOn(android.view.View)
com.pataelmo.isycontroller.NodeViewActivity: void cmdNodeOff(android.view.View)
com.pataelmo.isycontroller.ProgramTreeViewActivity
com.pataelmo.isycontroller.ProgramTreeViewActivity: ProgramTreeViewActivity()
com.pataelmo.isycontroller.ProgramViewActivity
com.pataelmo.isycontroller.ProgramViewActivity: ProgramViewActivity()
com.pataelmo.isycontroller.ProgramViewActivity: void refreshData(android.view.View)
com.pataelmo.isycontroller.ProgramViewActivity: void runProgram(android.view.View)
com.pataelmo.isycontroller.ProgramViewActivity: void stopProgram(android.view.View)
com.pataelmo.isycontroller.ProgramViewActivity: void runThenProgram(android.view.View)
com.pataelmo.isycontroller.ProgramViewActivity: void runElseProgram(android.view.View)
com.pataelmo.isycontroller.ProgramViewActivity: void enableProgram(android.view.View)
com.pataelmo.isycontroller.ProgramViewActivity: void disableProgram(android.view.View)
com.pataelmo.isycontroller.ProgramViewActivity: void enableRunAtStartProgram(android.view.View)
com.pataelmo.isycontroller.ProgramViewActivity: void disableRunAtStartProgram(android.view.View)
com.pataelmo.isycontroller.R$array: int pref_example_list_titles
com.pataelmo.isycontroller.R$array: int pref_example_list_values
com.pataelmo.isycontroller.R$array: int pref_sync_frequency_titles
com.pataelmo.isycontroller.R$array: int pref_sync_frequency_values
com.pataelmo.isycontroller.R$dimen: int activity_horizontal_margin
com.pataelmo.isycontroller.R$dimen: int activity_vertical_margin
com.pataelmo.isycontroller.R$drawable: int bulb
com.pataelmo.isycontroller.R$drawable: int folder
com.pataelmo.isycontroller.R$drawable: int ic_launcher
com.pataelmo.isycontroller.R$drawable: int icon
com.pataelmo.isycontroller.R$drawable: int scene
com.pataelmo.isycontroller.R$id: int action_settings
com.pataelmo.isycontroller.R$id: int addressText
com.pataelmo.isycontroller.R$id: int configureButton
com.pataelmo.isycontroller.R$id: int connectButton
com.pataelmo.isycontroller.R$id: int currentRawStateLabel
com.pataelmo.isycontroller.R$id: int currentStateLabel
com.pataelmo.isycontroller.R$id: int currentValueLabel
com.pataelmo.isycontroller.R$id: int disableButton
com.pataelmo.isycontroller.R$id: int disableRunAtStartButton
com.pataelmo.isycontroller.R$id: int enabedLabel
com.pataelmo.isycontroller.R$id: int enableButton
com.pataelmo.isycontroller.R$id: int enableRunAtStartButton
com.pataelmo.isycontroller.R$id: int enabledText
com.pataelmo.isycontroller.R$id: int icon
com.pataelmo.isycontroller.R$id: int initValueLabel
com.pataelmo.isycontroller.R$id: int initValueText
com.pataelmo.isycontroller.R$id: int lastChangedLabel
com.pataelmo.isycontroller.R$id: int lastChangedText
com.pataelmo.isycontroller.R$id: int lastEndTimeLabel
com.pataelmo.isycontroller.R$id: int lastEndTimeText
com.pataelmo.isycontroller.R$id: int lastRunTimeLabel
com.pataelmo.isycontroller.R$id: int lastRunTimeText
com.pataelmo.isycontroller.R$id: int listView
com.pataelmo.isycontroller.R$id: int name
com.pataelmo.isycontroller.R$id: int nameText
com.pataelmo.isycontroller.R$id: int offButton
com.pataelmo.isycontroller.R$id: int onButton
com.pataelmo.isycontroller.R$id: int queryButton
com.pataelmo.isycontroller.R$layout: int activity_main
com.pataelmo.isycontroller.R$layout: int activity_node_view
com.pataelmo.isycontroller.R$layout: int activity_program_view
com.pataelmo.isycontroller.R$layout: int activity_start_page
com.pataelmo.isycontroller.R$layout: int activity_variable_view
com.pataelmo.isycontroller.R$layout: int listview_row
...
android.support.v4.app.BackStackState
android.support.v4.app.BackStackState: android.os.Parcelable$Creator CREATOR
android.support.v4.app.Fragment$SavedState
android.support.v4.app.Fragment$SavedState: android.os.Parcelable$Creator CREATOR
android.support.v4.app.FragmentActivity
android.support.v4.app.FragmentActivity: FragmentActivity()
android.support.v4.app.FragmentManagerState
android.support.v4.app.FragmentManagerState: android.os.Parcelable$Creator CREATOR
android.support.v4.app.FragmentState
android.support.v4.app.FragmentState: android.os.Parcelable$Creator CREATOR
android.support.v4.app.FragmentTabHost: void setOnTabChangedListener(android.widget.TabHost$OnTabChangeListener)
android.support.v4.app.FragmentTabHost$SavedState
android.support.v4.app.FragmentTabHost$SavedState: android.os.Parcelable$Creator CREATOR
android.support.v4.content.ModernAsyncTask$Status: android.support.v4.content.ModernAsyncTask$Status[] values()
android.support.v4.content.ModernAsyncTask$Status: android.support.v4.content.ModernAsyncTask$Status valueOf(java.lang.String)
android.support.v4.view.PagerTabStrip: void setTabIndicatorColor(int)
android.support.v4.view.PagerTabStrip: void setTabIndicatorColorResource(int)
android.support.v4.view.PagerTabStrip: int getTabIndicatorColor()
android.support.v4.view.PagerTabStrip: void setTextSpacing(int)
android.support.v4.view.PagerTabStrip: void setBackgroundDrawable(android.graphics.drawable.Drawable)
android.support.v4.view.PagerTabStrip: void setBackgroundColor(int)
android.support.v4.view.PagerTabStrip: void setBackgroundResource(int)
android.support.v4.view.PagerTabStrip: void setDrawFullUnderline(boolean)
android.support.v4.view.PagerTabStrip: boolean getDrawFullUnderline()
android.support.v4.view.PagerTabStrip: int getMinHeight()
android.support.v4.view.PagerTitleStrip: void setSingleLineAllCaps(android.widget.TextView)
android.support.v4.view.PagerTitleStrip: void setTextSpacing(int)
android.support.v4.view.PagerTitleStrip: int getTextSpacing()
android.support.v4.view.PagerTitleStrip: void setNonPrimaryAlpha(float)
android.support.v4.view.PagerTitleStrip: void setTextColor(int)
android.support.v4.view.PagerTitleStrip: void setGravity(int)
android.support.v4.view.PagerTitleStrip: int getMinHeight()
android.support.v4.view.ViewPager: void setScrollState(int)
android.support.v4.view.ViewPager: void setAdapter(android.support.v4.view.PagerAdapter)
android.support.v4.view.ViewPager: android.support.v4.view.PagerAdapter getAdapter()
android.support.v4.view.ViewPager: void setOnAdapterChangeListener(android.support.v4.view.ViewPager$OnAdapterChangeListener)
android.support.v4.view.ViewPager: int getClientWidth()
android.support.v4.view.ViewPager: void setCurrentItem(int)
android.support.v4.view.ViewPager: int getCurrentItem()
android.support.v4.view.ViewPager: void setOnPageChangeListener(android.support.v4.view.ViewPager$OnPageChangeListener)
android.support.v4.view.ViewPager: void setChildrenDrawingOrderEnabledCompat(boolean)
android.support.v4.view.ViewPager: int getOffscreenPageLimit()
android.support.v4.view.ViewPager: void setOffscreenPageLimit(int)
android.support.v4.view.ViewPager: void setPageMargin(int)
android.support.v4.view.ViewPager: int getPageMargin()
android.support.v4.view.ViewPager: void setPageMarginDrawable(android.graphics.drawable.Drawable)
android.support.v4.view.ViewPager: void setPageMarginDrawable(int)
android.support.v4.view.ViewPager: void setScrollingCacheEnabled(boolean)
android.support.v4.view.ViewPager$SavedState
android.support.v4.view.ViewPager$SavedState: android.os.Parcelable$Creator CREATOR
android.support.v4.widget.DrawerLayout: void setScrimColor(int)
android.support.v4.widget.DrawerLayout: void setDrawerListener(android.support.v4.widget.DrawerLayout$DrawerListener)
android.support.v4.widget.DrawerLayout: void setDrawerLockMode(int)