proguard/mapping.txt
com.pataelmo.isycontroller.DatabaseHelper -> com.pataelmo.isycontroller.a:
    android.database.sqlite.SQLiteDatabase mDb -> a
    void onCreate(android.database.sqlite.SQLiteDatabase) -> onCreate
    void onUpgrade(android.database.sqlite.SQLiteDatabase,int,int) -> onUpgrade
    android.database.sqlite.SQLiteDatabase getDatabase() -> a
    void updateNodeTable(java.util.ArrayList) -> a
    android.database.Cursor getCursorListData(java.lang.String) -> a
    java.lang.String getNameFromId(java.lang.String) -> b
    java.lang.String getTypeFromId(java.lang.String) -> c
    java.lang.String getAddressFromId(java.lang.String) -> d
    java.lang.String getValueFromId(java.lang.String) -> e
    java.lang.String getRawValueFromId(java.lang.String) -> f
    void updateNodeValue(java.lang.String,java.lang.String,java.lang.String) -> a
    java.lang.String getProgramNameFromId(java.lang.String) -> g
    com.pataelmo.isycontroller.ProgramData getProgramData(java.lang.String) -> h
    com.pataelmo.isycontroller.VariableData getVarData(java.lang.String) -> i
    java.lang.String getVarNameFromId(java.lang.String) -> j
    android.database.Cursor getVarList() -> b
    void dumpDatabase() -> c
    android.database.Cursor getProgramsList(java.lang.String) -> k
    boolean isProgramIdFolder(java.lang.String) -> l
    void updateProgramsTable(java.util.ArrayList) -> b
    void updateVarsTable(java.util.ArrayList) -> c
com.pataelmo.isycontroller.ISYRESTParser -> com.pataelmo.isycontroller.b:
    java.io.InputStream mInputStream -> a
    org.w3c.dom.Document mDOM -> b
    org.w3c.dom.Element mRoot -> c
    java.lang.String mRootName -> d
    boolean mSuccess -> e
    java.util.HashMap mVarNameMap -> f
    java.util.ArrayList mDbEntries -> g
    com.pataelmo.isycontroller.ProgramData mProgramData -> h
    com.pataelmo.isycontroller.VariableData mVariableData -> i
    java.lang.String getRootName() -> a
    java.lang.String parse() -> b
    java.util.HashMap getVarNameMap() -> c
    void parseVarNames(org.w3c.dom.Element) -> a
    void parseVars(org.w3c.dom.Element) -> b
    void parseVar(org.w3c.dom.Element) -> c
    void parsePrograms(org.w3c.dom.Element) -> d
    void parseNodeProperties(org.w3c.dom.Node) -> a
    void parseRestResponse(org.w3c.dom.Element) -> e
    boolean getSuccess() -> d
    void parseNodeInfo(org.w3c.dom.Element) -> f
    void parseNode(org.w3c.dom.Node) -> b
    void parseNodes(org.w3c.dom.Element) -> g
    java.util.ArrayList getDatabaseValues() -> e
    com.pataelmo.isycontroller.ProgramData getProgramData() -> f
    com.pataelmo.isycontroller.VariableData getVariableData(java.lang.String) -> a
com.pataelmo.isycontroller.MainActivity -> com.pataelmo.isycontroller.MainActivity:
    com.pataelmo.isycontroller.DatabaseHelper dbh -> a
    android.support.v4.widget.SimpleCursorAdapter mAdapter -> b
    android.widget.ListView mList -> c
    java.lang.String baseUrl -> d
    java.lang.String loginUser -> e
    java.lang.String loginPass -> f
    java.lang.String mParentId -> g
    int mListPosition -> h
    java.lang.String mParentType -> i
    void onCreate(android.os.Bundle) -> onCreate
    void launchProgramView() -> a
    void launchVariableView() -> b
    void onPause() -> onPause
    void onStop() -> onStop
    void onRestart() -> onRestart
    void onResume() -> onResume
    void relaunchSelf(java.lang.String) -> a
    void loadNode(java.lang.String) -> b
    void refreshListData() -> c
    void setupActionBar() -> d
    void setActionBarTitle(java.lang.String) -> c
    boolean onCreateOptionsMenu(android.view.Menu) -> onCreateOptionsMenu
    boolean onOptionsItemSelected(android.view.MenuItem) -> onOptionsItemSelected
    void access$0(com.pataelmo.isycontroller.MainActivity,java.lang.String) -> a
    void access$1(com.pataelmo.isycontroller.MainActivity,java.lang.String) -> b
...
android.support.v4.app.ActivityCompatHoneycomb -> android.support.v4.app.a:
    void invalidateOptionsMenu(android.app.Activity) -> a
android.support.v4.app.BackStackRecord -> android.support.v4.app.b:
    android.support.v4.app.FragmentManagerImpl mManager -> a
    android.support.v4.app.BackStackRecord$Op mHead -> b
    android.support.v4.app.BackStackRecord$Op mTail -> c
    int mNumOp -> d
    int mEnterAnim -> e
    int mExitAnim -> f
    int mPopEnterAnim -> g
    int mPopExitAnim -> h
    int mTransition -> i
    int mTransitionStyle -> j
    boolean mAddToBackStack -> k
    boolean mAllowAddToBackStack -> l
    java.lang.String mName -> m
    boolean mCommitted -> n
    int mIndex -> o
    int mBreadCrumbTitleRes -> p
    java.lang.CharSequence mBreadCrumbTitleText -> q
    int mBreadCrumbShortTitleRes -> r
    java.lang.CharSequence mBreadCrumbShortTitleText -> s
    java.lang.String toString() -> toString
    void dump(java.lang.String,java.io.FileDescriptor,java.io.PrintWriter,java.lang.String[]) -> a
    void dump(java.lang.String,java.io.PrintWriter,boolean) -> a
    void addOp(android.support.v4.app.BackStackRecord$Op) -> a
    android.support.v4.app.FragmentTransaction add(int,android.support.v4.app.Fragment,java.lang.String) -> a
    void doAddOp(int,android.support.v4.app.Fragment,java.lang.String,int) -> a
    android.support.v4.app.FragmentTransaction detach(android.support.v4.app.Fragment) -> a
    android.support.v4.app.FragmentTransaction attach(android.support.v4.app.Fragment) -> b
    void bumpBackStackNesting(int) -> a
    int commit() -> a
android.support.v4.app.BackStackRecord$Op -> android.support.v4.app.c:
    android.support.v4.app.BackStackRecord$Op next -> a
    android.support.v4.app.BackStackRecord$Op prev -> b
    int cmd -> c
    android.support.v4.app.Fragment fragment -> d
    int enterAnim -> e
    int exitAnim -> f
    int popEnterAnim -> g
    int popExitAnim -> h
    java.util.ArrayList removed -> i
android.support.v4.app.BackStackState -> android.support.v4.app.BackStackState:
    int[] mOps -> a
    int mTransition -> b
    int mTransitionStyle -> c
    java.lang.String mName -> d
    int mIndex -> e
    int mBreadCrumbTitleRes -> f
    java.lang.CharSequence mBreadCrumbTitleText -> g
    int mBreadCrumbShortTitleRes -> h
    java.lang.CharSequence mBreadCrumbShortTitleText -> i
    android.os.Parcelable$Creator CREATOR -> CREATOR
    android.support.v4.app.BackStackRecord instantiate(android.support.v4.app.FragmentManagerImpl) -> a
    int describeContents() -> describeContents
    void writeToParcel(android.os.Parcel,int) -> writeToParcel
android.support.v4.app.BackStackState$1 -> android.support.v4.app.d:
    android.support.v4.app.BackStackState createFromParcel(android.os.Parcel) -> a
    android.support.v4.app.BackStackState[] newArray(int) -> a
    java.lang.Object[] newArray(int) -> newArray
    java.lang.Object createFromParcel(android.os.Parcel) -> createFromParcel