proguard/usage.txt
com.pataelmo.isycontroller.BuildConfig
com.pataelmo.isycontroller.DatabaseHelper:
    private static final int DATABASE_VERSION
    private static final java.lang.String DATABASE_NAME
    private static final java.lang.String NODES_TABLE_NAME
    static final java.lang.String KEY_ROWID
    static final java.lang.String KEY_NAME
    static final java.lang.String KEY_TYPE
    static final java.lang.String KEY_ADDRESS
    static final java.lang.String KEY_VALUE
    static final java.lang.String KEY_RAW_VALUE
    static final java.lang.String KEY_PARENT
    static final java.lang.String CREATE_NODES_TABLE
    static final java.lang.String DROP_NODES_TABLE
    static final java.lang.String ADD_NODES_TESTDATA_0
    static final java.lang.String ADD_NODES_TESTDATA_1
    static final java.lang.String ADD_NODES_TESTDATA_2
    static final java.lang.String ADD_NODES_TESTDATA_3
    static final java.lang.String ADD_NODES_TESTDATA_4
    static final java.lang.String PROGRAMS_TABLE_NAME
    static final java.lang.String KEY_ISFOLDER
    static final java.lang.String KEY_STATUS
    static final java.lang.String KEY_ENABLED
    static final java.lang.String KEY_RUNATSTARTUP
    static final java.lang.String KEY_RUNNING
    static final java.lang.String KEY_LASTRUNTIME
    static final java.lang.String KEY_LASTENDTIME
    static final java.lang.String CREATE_PROGRAMS_TABLE
    static final java.lang.String DROP_PROGRAMS_TABLE
    static final java.lang.String ADD_PROGRAMS_TESTDATA_0
com.pataelmo.isycontroller.R
com.pataelmo.isycontroller.R$array
com.pataelmo.isycontroller.R$attr
com.pataelmo.isycontroller.R$dimen
com.pataelmo.isycontroller.R$drawable
com.pataelmo.isycontroller.R$id
com.pataelmo.isycontroller.R$layout
com.pataelmo.isycontroller.R$menu
com.pataelmo.isycontroller.R$string
com.pataelmo.isycontroller.R$style
com.pataelmo.isycontroller.R$xml
com.pataelmo.isycontroller.SettingsActivity:
    private static final boolean ALWAYS_SIMPLE_PREFS
    public static final java.lang.String KEY_PREF_USERNAME
    public static final java.lang.String KEY_PREF_PASSWORD
    public static final java.lang.String KEY_PREF_SERVER_URL
    public static final java.lang.String KEY_PREF_DUMPDB
    227:227:static synthetic void access$0(android.preference.Preference)
com.pataelmo.isycontroller.SettingsActivity$DataSyncPreferenceFragment
com.pataelmo.isycontroller.SettingsActivity$GeneralPreferenceFragment
com.pataelmo.isycontroller.SettingsActivity$NotificationPreferenceFragment
com.pataelmo.isycontroller.VariableViewActivity:
    android.widget.TextView mRawValueText
    android.widget.TextView mStatusText
    200:204:public void updateValues(java.lang.String,java.lang.String)
...
android.support.v4.net.ConnectivityManagerCompat$BaseConnectivityManagerCompatImpl
android.support.v4.net.ConnectivityManagerCompat$ConnectivityManagerCompatImpl
android.support.v4.net.ConnectivityManagerCompat$GingerbreadConnectivityManagerCompatImpl
android.support.v4.net.ConnectivityManagerCompat$HoneycombMR2ConnectivityManagerCompatImpl
android.support.v4.net.ConnectivityManagerCompat$JellyBeanConnectivityManagerCompatImpl
android.support.v4.net.ConnectivityManagerCompatGingerbread
android.support.v4.net.ConnectivityManagerCompatHoneycombMR2
android.support.v4.net.ConnectivityManagerCompatJellyBean
android.support.v4.net.TrafficStatsCompat
android.support.v4.net.TrafficStatsCompat$1
android.support.v4.net.TrafficStatsCompat$BaseTrafficStatsCompatImpl
android.support.v4.net.TrafficStatsCompat$BaseTrafficStatsCompatImpl$1
android.support.v4.net.TrafficStatsCompat$BaseTrafficStatsCompatImpl$SocketTags
android.support.v4.net.TrafficStatsCompat$IcsTrafficStatsCompatImpl
android.support.v4.net.TrafficStatsCompat$TrafficStatsCompatImpl
android.support.v4.net.TrafficStatsCompatIcs
android.support.v4.os.EnvironmentCompat
android.support.v4.os.EnvironmentCompatKitKat
android.support.v4.os.ParcelableCompat:
    26:42:public ParcelableCompat()
android.support.v4.os.ParcelableCompatCreatorHoneycombMR2Stub:
    22:22:ParcelableCompatCreatorHoneycombMR2Stub()
android.support.v4.print.PrintHelper
android.support.v4.print.PrintHelper$1
android.support.v4.print.PrintHelper$PrintHelperKitkatImpl
android.support.v4.print.PrintHelper$PrintHelperStubImpl
android.support.v4.print.PrintHelper$PrintHelperVersionImpl
android.support.v4.print.PrintHelperKitkat
android.support.v4.print.PrintHelperKitkat$1
android.support.v4.text.BidiFormatter
android.support.v4.text.BidiFormatter$1
android.support.v4.text.BidiFormatter$Builder
android.support.v4.text.BidiFormatter$DirectionalityEstimator
android.support.v4.text.ICUCompat
android.support.v4.text.ICUCompat$ICUCompatImpl
android.support.v4.text.ICUCompat$ICUCompatImplBase
android.support.v4.text.ICUCompat$ICUCompatImplIcs
android.support.v4.text.ICUCompatIcs
android.support.v4.text.TextDirectionHeuristicCompat
android.support.v4.text.TextDirectionHeuristicsCompat
android.support.v4.text.TextDirectionHeuristicsCompat$1
android.support.v4.text.TextDirectionHeuristicsCompat$AnyStrong
android.support.v4.text.TextDirectionHeuristicsCompat$FirstStrong
android.support.v4.text.TextDirectionHeuristicsCompat$TextDirectionAlgorithm
android.support.v4.text.TextDirectionHeuristicsCompat$TextDirectionHeuristicImpl
android.support.v4.text.TextDirectionHeuristicsCompat$TextDirectionHeuristicInternal
android.support.v4.text.TextDirectionHeuristicsCompat$TextDirectionHeuristicLocale
android.support.v4.text.TextUtilsCompat
android.support.v4.util.ArrayMap:
    61:62:public ArrayMap(int)
    68:69:public ArrayMap(android.support.v4.util.SimpleArrayMap)
    130:130:public boolean containsAll(java.util.Collection)
    151:151:public boolean removeAll(java.util.Collection)
    161:161:public boolean retainAll(java.util.Collection)
android.support.v4.util.AtomicFile
android.support.v4.util.ContainerHelpers:
    19:19:ContainerHelpers()
    29:29:public static int idealLongArraySize(int)
    65:80:static int binarySearch(long[],int,long)
android.support.v4.util.DebugUtils:
    25:25:public DebugUtils()
android.support.v4.util.LongSparseArray
android.support.v4.util.LruCache
android.support.v4.util.SimpleArrayMap:
    private static final boolean DEBUG
    private static final java.lang.String TAG
    private static final int BASE_SIZE
    private static final int CACHE_SIZE
    217:225:public SimpleArrayMap(int)
    231:235:public SimpleArrayMap(android.support.v4.util.SimpleArrayMap)
    419:432:public void putAll(android.support.v4.util.SimpleArrayMap)